mode: atomic
car-sell-buy-system/internal/ads-service/app/app.go:27.30,33.16 3 0
car-sell-buy-system/internal/ads-service/app/app.go:33.16,35.3 1 0
car-sell-buy-system/internal/ads-service/app/app.go:36.2,54.9 10 0
car-sell-buy-system/internal/ads-service/app/app.go:55.24,56.46 1 0
car-sell-buy-system/internal/ads-service/app/app.go:57.33,58.64 1 0
car-sell-buy-system/internal/ads-service/app/app.go:61.2,62.16 2 0
car-sell-buy-system/internal/ads-service/app/app.go:62.16,64.3 1 0
car-sell-buy-system/internal/ads-service/controller/http/router.go:36.3,56.2 9 0
car-sell-buy-system/internal/ads-service/controller/http/router.go:56.2,64.3 1 0
car-sell-buy-system/internal/ads-service/controller/http/router.go:66.2,66.76 1 0
car-sell-buy-system/internal/ads-service/controller/http/router.go:69.39,70.30 1 0
car-sell-buy-system/internal/ads-service/controller/http/router.go:70.30,78.36 5 0
car-sell-buy-system/internal/ads-service/controller/http/router.go:78.36,81.4 2 0
car-sell-buy-system/internal/ads-service/controller/http/router.go:83.3,83.11 1 0
car-sell-buy-system/internal/ads-service/controller/http/v1/v1.go:26.7,34.2 1 0
car-sell-buy-system/internal/ads-service/controller/http/v1/v1.go:36.50,38.2 2 0
car-sell-buy-system/internal/ads-service/controller/http/v1/v1.go:38.2,42.3 3 0
car-sell-buy-system/internal/ads-service/controller/http/v1/chat/controller.go:25.69,30.2 1 0
car-sell-buy-system/internal/ads-service/controller/http/v1/chat/controller.go:32.58,34.2 2 0
car-sell-buy-system/internal/ads-service/controller/http/v1/chat/controller.go:34.2,41.3 5 0
car-sell-buy-system/internal/ads-service/controller/http/v1/chat/controller.go:90.51,92.47 2 0
car-sell-buy-system/internal/ads-service/controller/http/v1/chat/controller.go:92.47,95.3 2 0
car-sell-buy-system/internal/ads-service/controller/http/v1/chat/controller.go:97.2,104.16 4 0
car-sell-buy-system/internal/ads-service/controller/http/v1/chat/controller.go:104.16,107.3 2 0
car-sell-buy-system/internal/ads-service/controller/http/v1/chat/controller.go:109.2,114.4 2 0
car-sell-buy-system/internal/ads-service/controller/http/v1/chat/controller.go:130.54,135.47 4 0
car-sell-buy-system/internal/ads-service/controller/http/v1/chat/controller.go:135.47,138.3 2 0
car-sell-buy-system/internal/ads-service/controller/http/v1/chat/controller.go:140.2,141.16 2 0
car-sell-buy-system/internal/ads-service/controller/http/v1/chat/controller.go:141.16,144.3 2 0
car-sell-buy-system/internal/ads-service/controller/http/v1/chat/controller.go:146.2,151.16 2 0
car-sell-buy-system/internal/ads-service/controller/http/v1/chat/controller.go:151.16,154.3 2 0
car-sell-buy-system/internal/ads-service/controller/http/v1/chat/controller.go:156.2,161.4 2 0
car-sell-buy-system/internal/ads-service/controller/http/v1/chat/controller.go:175.62,180.16 4 0
car-sell-buy-system/internal/ads-service/controller/http/v1/chat/controller.go:180.16,184.3 2 0
car-sell-buy-system/internal/ads-service/controller/http/v1/chat/controller.go:186.2,187.16 2 0
car-sell-buy-system/internal/ads-service/controller/http/v1/chat/controller.go:187.16,191.3 2 0
car-sell-buy-system/internal/ads-service/controller/http/v1/chat/controller.go:193.2,196.4 1 0
car-sell-buy-system/internal/ads-service/controller/http/v1/chat/controller.go:210.51,215.16 4 0
car-sell-buy-system/internal/ads-service/controller/http/v1/chat/controller.go:215.16,219.3 2 0
car-sell-buy-system/internal/ads-service/controller/http/v1/chat/controller.go:221.2,224.4 1 0
car-sell-buy-system/internal/ads-service/controller/http/v1/chat/request.go:12.53,17.2 1 0
car-sell-buy-system/internal/ads-service/controller/http/v1/chat/request.go:24.59,28.2 1 0
car-sell-buy-system/internal/ads-service/controller/http/v1/chat/response.go:16.51,24.2 1 0
car-sell-buy-system/internal/ads-service/controller/http/v1/chat/response.go:30.63,33.28 2 0
car-sell-buy-system/internal/ads-service/controller/http/v1/chat/response.go:33.28,35.3 1 0
car-sell-buy-system/internal/ads-service/controller/http/v1/chat/response.go:37.2,39.3 1 0
car-sell-buy-system/internal/ads-service/controller/http/v1/chat/response.go:52.63,62.2 1 0
car-sell-buy-system/internal/ads-service/controller/http/v1/chat/response.go:68.74,71.31 2 0
car-sell-buy-system/internal/ads-service/controller/http/v1/chat/response.go:71.31,73.3 1 0
car-sell-buy-system/internal/ads-service/controller/http/v1/chat/response.go:75.2,77.3 1 0
car-sell-buy-system/internal/ads-service/controller/http/v1/ad/ad.go:29.69,34.2 1 0
car-sell-buy-system/internal/ads-service/controller/http/v1/ad/ad.go:36.58,38.2 2 0
car-sell-buy-system/internal/ads-service/controller/http/v1/ad/ad.go:38.2,50.3 9 0
car-sell-buy-system/internal/ads-service/controller/http/v1/ad/ad.go:65.49,67.16 2 0
car-sell-buy-system/internal/ads-service/controller/http/v1/ad/ad.go:67.16,71.3 2 0
car-sell-buy-system/internal/ads-service/controller/http/v1/ad/ad.go:73.2,77.16 4 0
car-sell-buy-system/internal/ads-service/controller/http/v1/ad/ad.go:77.16,81.3 2 0
car-sell-buy-system/internal/ads-service/controller/http/v1/ad/ad.go:83.2,86.4 1 0
car-sell-buy-system/internal/ads-service/controller/http/v1/ad/ad.go:102.47,104.47 2 0
car-sell-buy-system/internal/ads-service/controller/http/v1/ad/ad.go:104.47,107.3 2 0
car-sell-buy-system/internal/ads-service/controller/http/v1/ad/ad.go:109.2,110.16 2 0
car-sell-buy-system/internal/ads-service/controller/http/v1/ad/ad.go:110.16,113.3 2 0
car-sell-buy-system/internal/ads-service/controller/http/v1/ad/ad.go:115.2,119.16 2 0
car-sell-buy-system/internal/ads-service/controller/http/v1/ad/ad.go:119.16,122.3 2 0
car-sell-buy-system/internal/ads-service/controller/http/v1/ad/ad.go:124.2,129.4 2 0
car-sell-buy-system/internal/ads-service/controller/http/v1/ad/ad.go:145.48,147.47 2 0
car-sell-buy-system/internal/ads-service/controller/http/v1/ad/ad.go:147.47,150.3 2 0
car-sell-buy-system/internal/ads-service/controller/http/v1/ad/ad.go:152.2,153.16 2 0
car-sell-buy-system/internal/ads-service/controller/http/v1/ad/ad.go:153.16,156.3 2 0
car-sell-buy-system/internal/ads-service/controller/http/v1/ad/ad.go:158.2,161.16 3 0
car-sell-buy-system/internal/ads-service/controller/http/v1/ad/ad.go:161.16,164.3 2 0
car-sell-buy-system/internal/ads-service/controller/http/v1/ad/ad.go:166.2,171.16 2 0
car-sell-buy-system/internal/ads-service/controller/http/v1/ad/ad.go:171.16,174.3 2 0
car-sell-buy-system/internal/ads-service/controller/http/v1/ad/ad.go:176.2,181.4 2 0
car-sell-buy-system/internal/ads-service/controller/http/v1/ad/ad.go:199.46,201.16 2 0
car-sell-buy-system/internal/ads-service/controller/http/v1/ad/ad.go:201.16,203.3 1 0
car-sell-buy-system/internal/ads-service/controller/http/v1/ad/ad.go:205.2,215.16 5 0
car-sell-buy-system/internal/ads-service/controller/http/v1/ad/ad.go:215.16,219.3 2 0
car-sell-buy-system/internal/ads-service/controller/http/v1/ad/ad.go:221.2,224.4 1 0
car-sell-buy-system/internal/ads-service/controller/http/v1/ad/ad.go:240.48,242.16 2 0
car-sell-buy-system/internal/ads-service/controller/http/v1/ad/ad.go:242.16,245.3 2 0
car-sell-buy-system/internal/ads-service/controller/http/v1/ad/ad.go:247.2,251.16 2 0
car-sell-buy-system/internal/ads-service/controller/http/v1/ad/ad.go:251.16,254.3 2 0
car-sell-buy-system/internal/ads-service/controller/http/v1/ad/ad.go:256.2,261.4 2 0
car-sell-buy-system/internal/ads-service/controller/http/v1/ad/ad.go:277.56,279.51 2 0
car-sell-buy-system/internal/ads-service/controller/http/v1/ad/ad.go:279.51,283.3 2 0
car-sell-buy-system/internal/ads-service/controller/http/v1/ad/ad.go:285.2,292.16 3 0
car-sell-buy-system/internal/ads-service/controller/http/v1/ad/ad.go:292.16,296.3 2 0
car-sell-buy-system/internal/ads-service/controller/http/v1/ad/ad.go:298.2,301.4 1 0
car-sell-buy-system/internal/ads-service/controller/http/v1/ad/ad.go:316.52,318.16 2 0
car-sell-buy-system/internal/ads-service/controller/http/v1/ad/ad.go:318.16,322.3 2 0
car-sell-buy-system/internal/ads-service/controller/http/v1/ad/ad.go:324.2,325.16 2 0
car-sell-buy-system/internal/ads-service/controller/http/v1/ad/ad.go:325.16,329.3 2 0
car-sell-buy-system/internal/ads-service/controller/http/v1/ad/ad.go:331.2,334.4 1 0
car-sell-buy-system/internal/ads-service/controller/http/v1/ad/request.go:20.52,22.20 2 0
car-sell-buy-system/internal/ads-service/controller/http/v1/ad/request.go:22.20,24.17 2 0
car-sell-buy-system/internal/ads-service/controller/http/v1/ad/request.go:24.17,26.4 1 0
car-sell-buy-system/internal/ads-service/controller/http/v1/ad/request.go:29.2,38.8 1 0
car-sell-buy-system/internal/ads-service/controller/http/v1/ad/request.go:53.54,55.20 2 0
car-sell-buy-system/internal/ads-service/controller/http/v1/ad/request.go:55.20,57.17 2 0
car-sell-buy-system/internal/ads-service/controller/http/v1/ad/request.go:57.17,59.4 1 0
car-sell-buy-system/internal/ads-service/controller/http/v1/ad/request.go:60.3,60.14 1 0
car-sell-buy-system/internal/ads-service/controller/http/v1/ad/request.go:63.2,73.8 1 0
car-sell-buy-system/internal/ads-service/controller/http/v1/ad/request.go:80.61,84.2 1 0
car-sell-buy-system/internal/ads-service/controller/http/v1/ad/response.go:42.37,44.35 2 0
car-sell-buy-system/internal/ads-service/controller/http/v1/ad/response.go:44.35,51.3 1 0
car-sell-buy-system/internal/ads-service/controller/http/v1/ad/response.go:53.2,77.3 1 0
car-sell-buy-system/internal/ads-service/controller/http/v1/ad/response.go:85.88,88.26 2 0
car-sell-buy-system/internal/ads-service/controller/http/v1/ad/response.go:88.26,90.3 1 0
car-sell-buy-system/internal/ads-service/controller/http/v1/ad/response.go:92.2,95.3 1 0
car-sell-buy-system/internal/ads-service/controller/http/v1/payment/payment.go:27.92,33.2 1 0
car-sell-buy-system/internal/ads-service/controller/http/v1/payment/payment.go:35.58,37.2 2 0
car-sell-buy-system/internal/ads-service/controller/http/v1/payment/payment.go:37.2,47.3 3 0
car-sell-buy-system/internal/ads-service/controller/http/v1/payment/payment.go:62.55,67.51 4 0
car-sell-buy-system/internal/ads-service/controller/http/v1/payment/payment.go:67.51,70.3 2 0
car-sell-buy-system/internal/ads-service/controller/http/v1/payment/payment.go:72.2,76.16 2 0
car-sell-buy-system/internal/ads-service/controller/http/v1/payment/payment.go:76.16,79.3 2 0
car-sell-buy-system/internal/ads-service/controller/http/v1/payment/payment.go:81.2,82.16 2 0
car-sell-buy-system/internal/ads-service/controller/http/v1/payment/payment.go:82.16,85.3 2 0
car-sell-buy-system/internal/ads-service/controller/http/v1/payment/payment.go:87.2,92.4 2 0
car-sell-buy-system/internal/ads-service/controller/http/v1/payment/payment.go:107.56,109.51 2 0
car-sell-buy-system/internal/ads-service/controller/http/v1/payment/payment.go:109.51,112.3 2 0
car-sell-buy-system/internal/ads-service/controller/http/v1/payment/payment.go:114.2,119.16 3 0
car-sell-buy-system/internal/ads-service/controller/http/v1/payment/payment.go:119.16,122.3 2 0
car-sell-buy-system/internal/ads-service/controller/http/v1/payment/payment.go:124.2,127.4 1 0
car-sell-buy-system/internal/ads-service/controller/http/v1/payment/request.go:10.76,16.2 1 0
car-sell-buy-system/internal/ads-service/controller/http/v1/payment/request.go:28.73,34.2 1 0
car-sell-buy-system/internal/ads-service/controller/http/v1/payment/response.go:22.46,35.2 1 0
car-sell-buy-system/internal/ads-service/middleware/auth.go:17.76,19.16 2 0
car-sell-buy-system/internal/ads-service/middleware/auth.go:19.16,21.3 1 0
car-sell-buy-system/internal/ads-service/middleware/auth.go:22.2,34.16 6 0
car-sell-buy-system/internal/ads-service/middleware/auth.go:34.16,36.3 1 0
car-sell-buy-system/internal/ads-service/middleware/auth.go:38.2,38.22 1 0
car-sell-buy-system/internal/ads-service/middleware/auth.go:42.70,43.30 1 0
car-sell-buy-system/internal/ads-service/middleware/auth.go:43.30,45.17 2 0
car-sell-buy-system/internal/ads-service/middleware/auth.go:45.17,47.4 1 0
car-sell-buy-system/internal/ads-service/middleware/auth.go:49.3,49.40 1 0
car-sell-buy-system/internal/ads-service/middleware/auth.go:49.40,51.4 1 0
car-sell-buy-system/internal/ads-service/middleware/auth.go:51.9,53.4 1 0
car-sell-buy-system/internal/ads-service/middleware/auth.go:55.3,55.11 1 0
car-sell-buy-system/internal/ads-service/middleware/auth.go:60.70,61.30 1 0
car-sell-buy-system/internal/ads-service/middleware/auth.go:61.30,63.17 2 0
car-sell-buy-system/internal/ads-service/middleware/auth.go:63.17,69.4 4 0
car-sell-buy-system/internal/ads-service/middleware/auth.go:71.3,71.41 1 0
car-sell-buy-system/internal/ads-service/middleware/auth.go:71.41,77.4 4 0
car-sell-buy-system/internal/ads-service/middleware/auth.go:79.3,82.11 3 0
car-sell-buy-system/internal/ads-service/middleware/metrics.go:8.81,9.30 1 0
car-sell-buy-system/internal/ads-service/middleware/metrics.go:9.30,12.3 2 0
car-sell-buy-system/internal/ads-service/repository/psql/ad_postgres.go:26.84,31.2 1 0
car-sell-buy-system/internal/ads-service/repository/psql/ad_postgres.go:33.78,62.19 4 0
car-sell-buy-system/internal/ads-service/repository/psql/ad_postgres.go:62.19,84.3 1 0
car-sell-buy-system/internal/ads-service/repository/psql/ad_postgres.go:84.8,86.3 1 0
car-sell-buy-system/internal/ads-service/repository/psql/ad_postgres.go:88.2,99.16 2 0
car-sell-buy-system/internal/ads-service/repository/psql/ad_postgres.go:99.16,101.3 1 0
car-sell-buy-system/internal/ads-service/repository/psql/ad_postgres.go:102.2,134.16 5 0
car-sell-buy-system/internal/ads-service/repository/psql/ad_postgres.go:134.16,136.3 1 0
car-sell-buy-system/internal/ads-service/repository/psql/ad_postgres.go:138.2,138.17 1 0
car-sell-buy-system/internal/ads-service/repository/psql/ad_postgres.go:141.83,182.16 2 0
car-sell-buy-system/internal/ads-service/repository/psql/ad_postgres.go:182.16,184.3 1 0
car-sell-buy-system/internal/ads-service/repository/psql/ad_postgres.go:186.2,201.16 3 0
car-sell-buy-system/internal/ads-service/repository/psql/ad_postgres.go:201.16,203.3 1 0
car-sell-buy-system/internal/ads-service/repository/psql/ad_postgres.go:205.2,205.17 1 0
car-sell-buy-system/internal/ads-service/repository/psql/ad_postgres.go:208.86,228.16 2 0
car-sell-buy-system/internal/ads-service/repository/psql/ad_postgres.go:228.16,230.3 1 0
car-sell-buy-system/internal/ads-service/repository/psql/ad_postgres.go:232.2,233.16 2 0
car-sell-buy-system/internal/ads-service/repository/psql/ad_postgres.go:233.16,235.3 1 0
car-sell-buy-system/internal/ads-service/repository/psql/ad_postgres.go:237.2,237.12 1 0
car-sell-buy-system/internal/ads-service/repository/psql/ad_postgres.go:240.91,281.16 5 0
car-sell-buy-system/internal/ads-service/repository/psql/ad_postgres.go:281.16,283.3 1 0
car-sell-buy-system/internal/ads-service/repository/psql/ad_postgres.go:285.2,289.16 3 0
car-sell-buy-system/internal/ads-service/repository/psql/ad_postgres.go:289.16,291.3 1 0
car-sell-buy-system/internal/ads-service/repository/psql/ad_postgres.go:293.2,296.16 3 0
car-sell-buy-system/internal/ads-service/repository/psql/ad_postgres.go:296.16,298.3 1 0
car-sell-buy-system/internal/ads-service/repository/psql/ad_postgres.go:300.2,304.16 4 0
car-sell-buy-system/internal/ads-service/repository/psql/ad_postgres.go:304.16,306.3 1 0
car-sell-buy-system/internal/ads-service/repository/psql/ad_postgres.go:307.2,312.18 5 0
car-sell-buy-system/internal/ads-service/repository/psql/ad_postgres.go:312.18,341.17 3 0
car-sell-buy-system/internal/ads-service/repository/psql/ad_postgres.go:341.17,343.4 1 0
car-sell-buy-system/internal/ads-service/repository/psql/ad_postgres.go:344.3,344.25 1 0
car-sell-buy-system/internal/ads-service/repository/psql/ad_postgres.go:347.2,347.24 1 0
car-sell-buy-system/internal/ads-service/repository/psql/ad_postgres.go:350.68,355.16 2 0
car-sell-buy-system/internal/ads-service/repository/psql/ad_postgres.go:355.16,357.3 1 0
car-sell-buy-system/internal/ads-service/repository/psql/ad_postgres.go:359.2,359.57 1 0
car-sell-buy-system/internal/ads-service/repository/psql/ad_postgres.go:359.57,361.3 1 0
car-sell-buy-system/internal/ads-service/repository/psql/ad_postgres.go:363.2,363.12 1 0
car-sell-buy-system/internal/ads-service/repository/psql/ad_postgres.go:366.86,368.16 2 0
car-sell-buy-system/internal/ads-service/repository/psql/ad_postgres.go:368.16,370.3 1 0
car-sell-buy-system/internal/ads-service/repository/psql/ad_postgres.go:372.2,374.16 2 0
car-sell-buy-system/internal/ads-service/repository/psql/ad_postgres.go:374.16,379.17 2 0
car-sell-buy-system/internal/ads-service/repository/psql/ad_postgres.go:379.17,381.4 1 0
car-sell-buy-system/internal/ads-service/repository/psql/ad_postgres.go:383.3,384.17 2 0
car-sell-buy-system/internal/ads-service/repository/psql/ad_postgres.go:384.17,386.4 1 0
car-sell-buy-system/internal/ads-service/repository/psql/ad_postgres.go:388.3,388.13 1 0
car-sell-buy-system/internal/ads-service/repository/psql/ad_postgres.go:391.2,396.16 2 0
car-sell-buy-system/internal/ads-service/repository/psql/ad_postgres.go:396.16,398.3 1 0
car-sell-buy-system/internal/ads-service/repository/psql/ad_postgres.go:400.2,401.16 2 0
car-sell-buy-system/internal/ads-service/repository/psql/ad_postgres.go:401.16,403.3 1 0
car-sell-buy-system/internal/ads-service/repository/psql/ad_postgres.go:405.2,405.12 1 0
car-sell-buy-system/internal/ads-service/repository/psql/ad_postgres.go:408.90,414.16 2 0
car-sell-buy-system/internal/ads-service/repository/psql/ad_postgres.go:414.16,416.3 1 0
car-sell-buy-system/internal/ads-service/repository/psql/ad_postgres.go:418.2,419.16 2 0
car-sell-buy-system/internal/ads-service/repository/psql/ad_postgres.go:419.16,421.3 1 0
car-sell-buy-system/internal/ads-service/repository/psql/ad_postgres.go:423.2,424.18 2 0
car-sell-buy-system/internal/ads-service/repository/psql/ad_postgres.go:424.18,426.3 1 0
car-sell-buy-system/internal/ads-service/repository/psql/ad_postgres.go:428.2,428.34 1 0
car-sell-buy-system/internal/ads-service/repository/psql/ad_postgres.go:428.34,431.3 2 0
car-sell-buy-system/internal/ads-service/repository/psql/ad_postgres.go:433.2,433.24 1 0
car-sell-buy-system/internal/ads-service/repository/psql/ad_postgres.go:433.24,436.3 2 0
car-sell-buy-system/internal/ads-service/repository/psql/ad_postgres.go:438.2,439.18 2 0
car-sell-buy-system/internal/ads-service/middleware/yokassa/auth.go:12.82,13.30 1 0
car-sell-buy-system/internal/ads-service/middleware/yokassa/auth.go:13.30,23.13 3 0
car-sell-buy-system/internal/ads-service/middleware/yokassa/auth.go:23.13,29.4 2 0
car-sell-buy-system/internal/ads-service/repository/psql/filter/ad.go:12.101,16.15 3 0
car-sell-buy-system/internal/ads-service/repository/psql/filter/ad.go:17.15,18.37 1 0
car-sell-buy-system/internal/ads-service/repository/psql/filter/ad.go:19.21,20.43 1 0
car-sell-buy-system/internal/ads-service/repository/psql/filter/ad.go:21.15,22.37 1 0
car-sell-buy-system/internal/ads-service/repository/psql/filter/ad.go:23.21,24.40 1 0
car-sell-buy-system/internal/ads-service/repository/psql/filter/ad.go:26.2,26.16 1 0
car-sell-buy-system/internal/ads-service/repository/psql/filter/ad.go:26.16,28.3 1 0
car-sell-buy-system/internal/ads-service/repository/psql/filter/ad.go:30.2,30.20 1 0
car-sell-buy-system/internal/ads-service/repository/psql/filter/ad.go:33.64,34.69 1 0
car-sell-buy-system/internal/ads-service/repository/psql/filter/ad.go:34.69,36.3 1 0
car-sell-buy-system/internal/ads-service/repository/psql/filter/ad.go:39.70,40.69 1 0
car-sell-buy-system/internal/ads-service/repository/psql/filter/ad.go:40.69,42.3 1 0
car-sell-buy-system/internal/ads-service/repository/psql/filter/ad.go:45.64,46.69 1 0
car-sell-buy-system/internal/ads-service/repository/psql/filter/ad.go:46.69,48.3 1 0
car-sell-buy-system/internal/ads-service/repository/psql/filter/ad.go:51.72,52.69 1 0
car-sell-buy-system/internal/ads-service/repository/psql/filter/ad.go:52.69,53.27 1 0
car-sell-buy-system/internal/ads-service/repository/psql/filter/ad.go:53.27,55.4 1 0
car-sell-buy-system/internal/ads-service/repository/psql/filter/ad.go:57.3,57.17 1 0
car-sell-buy-system/internal/ads-service/repository/psql/chat/repository.go:21.55,25.2 1 0
car-sell-buy-system/internal/ads-service/repository/psql/chat/repository.go:27.118,47.16 4 0
car-sell-buy-system/internal/ads-service/repository/psql/chat/repository.go:47.16,49.3 1 0
car-sell-buy-system/internal/ads-service/repository/psql/chat/repository.go:50.2,63.16 5 0
car-sell-buy-system/internal/ads-service/repository/psql/chat/repository.go:63.16,65.3 1 0
car-sell-buy-system/internal/ads-service/repository/psql/chat/repository.go:67.2,67.17 1 0
car-sell-buy-system/internal/ads-service/repository/psql/chat/repository.go:70.95,73.19 3 0
car-sell-buy-system/internal/ads-service/repository/psql/chat/repository.go:73.19,75.3 1 0
car-sell-buy-system/internal/ads-service/repository/psql/chat/repository.go:77.2,91.16 2 0
car-sell-buy-system/internal/ads-service/repository/psql/chat/repository.go:91.16,93.3 1 0
car-sell-buy-system/internal/ads-service/repository/psql/chat/repository.go:95.2,103.16 3 0
car-sell-buy-system/internal/ads-service/repository/psql/chat/repository.go:103.16,105.3 1 0
car-sell-buy-system/internal/ads-service/repository/psql/chat/repository.go:107.2,107.17 1 0
car-sell-buy-system/internal/ads-service/repository/psql/chat/repository.go:110.81,130.16 5 0
car-sell-buy-system/internal/ads-service/repository/psql/chat/repository.go:130.16,132.3 1 0
car-sell-buy-system/internal/ads-service/repository/psql/chat/repository.go:133.2,137.16 4 0
car-sell-buy-system/internal/ads-service/repository/psql/chat/repository.go:137.16,139.3 1 0
car-sell-buy-system/internal/ads-service/repository/psql/chat/repository.go:141.2,143.18 3 0
car-sell-buy-system/internal/ads-service/repository/psql/chat/repository.go:143.18,152.17 3 0
car-sell-buy-system/internal/ads-service/repository/psql/chat/repository.go:152.17,154.4 1 0
car-sell-buy-system/internal/ads-service/repository/psql/chat/repository.go:155.3,156.10 2 0
car-sell-buy-system/internal/ads-service/repository/psql/chat/repository.go:159.2,159.29 1 0
car-sell-buy-system/internal/ads-service/repository/psql/chat/repository.go:162.109,182.16 5 0
car-sell-buy-system/internal/ads-service/repository/psql/chat/repository.go:182.16,184.3 1 0
car-sell-buy-system/internal/ads-service/repository/psql/chat/repository.go:185.2,189.16 4 0
car-sell-buy-system/internal/ads-service/repository/psql/chat/repository.go:189.16,191.3 1 0
car-sell-buy-system/internal/ads-service/repository/psql/chat/repository.go:193.2,195.18 3 0
car-sell-buy-system/internal/ads-service/repository/psql/chat/repository.go:195.18,206.17 3 0
car-sell-buy-system/internal/ads-service/repository/psql/chat/repository.go:206.17,208.4 1 0
car-sell-buy-system/internal/ads-service/repository/psql/chat/repository.go:209.3,210.10 2 0
car-sell-buy-system/internal/ads-service/repository/psql/chat/repository.go:213.2,213.29 1 0
car-sell-buy-system/internal/ads-service/repository/psql/sort/ad.go:12.121,16.15 3 0
car-sell-buy-system/internal/ads-service/repository/psql/sort/ad.go:17.12,18.36 1 0
car-sell-buy-system/internal/ads-service/repository/psql/sort/ad.go:19.15,20.39 1 0
car-sell-buy-system/internal/ads-service/repository/psql/sort/ad.go:21.15,22.39 1 0
car-sell-buy-system/internal/ads-service/repository/psql/sort/ad.go:24.2,24.16 1 0
car-sell-buy-system/internal/ads-service/repository/psql/sort/ad.go:24.16,26.3 1 0
car-sell-buy-system/internal/ads-service/repository/psql/sort/ad.go:28.2,28.20 1 0
car-sell-buy-system/internal/ads-service/repository/psql/sort/ad.go:31.79,32.69 1 0
car-sell-buy-system/internal/ads-service/repository/psql/sort/ad.go:32.69,34.3 1 0
car-sell-buy-system/internal/ads-service/repository/psql/sort/ad.go:37.82,38.69 1 0
car-sell-buy-system/internal/ads-service/repository/psql/sort/ad.go:38.69,40.3 1 0
car-sell-buy-system/internal/ads-service/repository/psql/sort/ad.go:43.82,44.69 1 0
car-sell-buy-system/internal/ads-service/repository/psql/sort/ad.go:44.69,46.3 1 0
car-sell-buy-system/internal/ads-service/repository/yookassa/api.go:23.57,27.2 1 0
car-sell-buy-system/internal/ads-service/repository/yookassa/api.go:29.104,50.16 3 0
car-sell-buy-system/internal/ads-service/repository/yookassa/api.go:50.16,53.3 2 0
car-sell-buy-system/internal/ads-service/repository/yookassa/api.go:55.2,60.16 2 0
car-sell-buy-system/internal/ads-service/repository/yookassa/api.go:60.16,63.3 2 0
car-sell-buy-system/internal/ads-service/repository/yookassa/api.go:65.2,71.16 6 0
car-sell-buy-system/internal/ads-service/repository/yookassa/api.go:71.16,74.3 2 0
car-sell-buy-system/internal/ads-service/repository/yookassa/api.go:75.2,78.16 3 0
car-sell-buy-system/internal/ads-service/repository/yookassa/api.go:78.16,81.3 2 0
car-sell-buy-system/internal/ads-service/repository/yookassa/api.go:82.2,85.48 3 0
car-sell-buy-system/internal/ads-service/repository/yookassa/api.go:85.48,88.3 2 0
car-sell-buy-system/internal/ads-service/repository/yookassa/api.go:90.2,95.18 5 0
car-sell-buy-system/internal/ads-service/repository/yookassa/api.go:98.105,104.16 2 0
car-sell-buy-system/internal/ads-service/repository/yookassa/api.go:104.16,107.3 2 0
car-sell-buy-system/internal/ads-service/repository/yookassa/api.go:109.2,115.16 6 0
car-sell-buy-system/internal/ads-service/repository/yookassa/api.go:115.16,118.3 2 0
car-sell-buy-system/internal/ads-service/repository/yookassa/api.go:119.2,122.16 3 0
car-sell-buy-system/internal/ads-service/repository/yookassa/api.go:122.16,125.3 2 0
car-sell-buy-system/internal/ads-service/repository/yookassa/api.go:126.2,129.48 3 0
car-sell-buy-system/internal/ads-service/repository/yookassa/api.go:129.48,132.3 2 0
car-sell-buy-system/internal/ads-service/repository/yookassa/api.go:134.2,141.18 2 0
car-sell-buy-system/internal/ads-service/repository/webapi/ntf_ethereum.go:32.48,34.2 1 0
car-sell-buy-system/internal/ads-service/repository/webapi/ntf_ethereum.go:36.100,39.16 2 0
car-sell-buy-system/internal/ads-service/repository/webapi/ntf_ethereum.go:39.16,41.3 1 0
car-sell-buy-system/internal/ads-service/repository/webapi/ntf_ethereum.go:44.2,45.16 2 0
car-sell-buy-system/internal/ads-service/repository/webapi/ntf_ethereum.go:45.16,47.3 1 0
car-sell-buy-system/internal/ads-service/repository/webapi/ntf_ethereum.go:50.2,51.16 2 0
car-sell-buy-system/internal/ads-service/repository/webapi/ntf_ethereum.go:51.16,53.3 1 0
car-sell-buy-system/internal/ads-service/repository/webapi/ntf_ethereum.go:55.2,57.9 3 0
car-sell-buy-system/internal/ads-service/repository/webapi/ntf_ethereum.go:57.9,59.3 1 0
car-sell-buy-system/internal/ads-service/repository/webapi/ntf_ethereum.go:61.2,65.16 3 0
car-sell-buy-system/internal/ads-service/repository/webapi/ntf_ethereum.go:65.16,67.3 1 0
car-sell-buy-system/internal/ads-service/repository/webapi/ntf_ethereum.go:70.2,71.16 2 0
car-sell-buy-system/internal/ads-service/repository/webapi/ntf_ethereum.go:71.16,73.3 1 0
car-sell-buy-system/internal/ads-service/repository/webapi/ntf_ethereum.go:76.2,84.16 7 0
car-sell-buy-system/internal/ads-service/repository/webapi/ntf_ethereum.go:84.16,86.3 1 0
car-sell-buy-system/internal/ads-service/repository/webapi/ntf_ethereum.go:88.2,89.12 2 0
car-sell-buy-system/internal/ads-service/repository/webapi/ntf_ethereum.go:92.94,94.16 2 0
car-sell-buy-system/internal/ads-service/repository/webapi/ntf_ethereum.go:94.16,96.3 1 0
car-sell-buy-system/internal/ads-service/repository/webapi/ntf_ethereum.go:98.2,99.16 2 0
car-sell-buy-system/internal/ads-service/repository/webapi/ntf_ethereum.go:99.16,101.3 1 0
car-sell-buy-system/internal/ads-service/repository/webapi/ntf_ethereum.go:103.2,104.16 2 0
car-sell-buy-system/internal/ads-service/repository/webapi/ntf_ethereum.go:104.16,106.3 1 0
car-sell-buy-system/internal/ads-service/repository/webapi/ntf_ethereum.go:108.2,109.16 2 0
car-sell-buy-system/internal/ads-service/repository/webapi/ntf_ethereum.go:109.16,111.3 1 0
car-sell-buy-system/internal/ads-service/repository/webapi/ntf_ethereum.go:112.2,115.16 3 0
car-sell-buy-system/internal/ads-service/repository/webapi/ntf_ethereum.go:115.16,117.3 1 0
car-sell-buy-system/internal/ads-service/repository/webapi/ntf_ethereum.go:119.2,120.56 2 0
car-sell-buy-system/internal/ads-service/repository/webapi/ntf_ethereum.go:120.56,122.3 1 0
car-sell-buy-system/internal/ads-service/repository/webapi/ntf_ethereum.go:124.2,131.8 1 0
car-sell-buy-system/internal/ads-service/repository/psql/payment/payment.go:20.55,24.2 1 0
car-sell-buy-system/internal/ads-service/repository/psql/payment/payment.go:26.96,49.16 2 0
car-sell-buy-system/internal/ads-service/repository/psql/payment/payment.go:49.16,51.3 1 0
car-sell-buy-system/internal/ads-service/repository/psql/payment/payment.go:52.2,57.16 4 0
car-sell-buy-system/internal/ads-service/repository/psql/payment/payment.go:57.16,59.3 1 0
car-sell-buy-system/internal/ads-service/repository/psql/payment/payment.go:61.2,61.18 1 0
car-sell-buy-system/internal/ads-service/repository/psql/payment/payment.go:64.114,72.16 2 0
car-sell-buy-system/internal/ads-service/repository/psql/payment/payment.go:72.16,74.3 1 0
car-sell-buy-system/internal/ads-service/repository/psql/payment/payment.go:76.2,77.16 2 0
car-sell-buy-system/internal/ads-service/repository/psql/payment/payment.go:77.16,79.3 1 0
car-sell-buy-system/internal/ads-service/repository/psql/payment/payment.go:81.2,81.12 1 0
car-sell-buy-system/internal/ads-service/repository/psql/tariff/tariff.go:20.55,24.2 1 0
car-sell-buy-system/internal/ads-service/repository/psql/tariff/tariff.go:26.84,43.16 2 0
car-sell-buy-system/internal/ads-service/repository/psql/tariff/tariff.go:43.16,45.3 1 0
car-sell-buy-system/internal/ads-service/repository/psql/tariff/tariff.go:46.2,62.16 4 0
car-sell-buy-system/internal/ads-service/repository/psql/tariff/tariff.go:62.16,64.3 1 0
car-sell-buy-system/internal/ads-service/repository/psql/tariff/tariff.go:66.2,66.15 1 0
car-sell-buy-system/internal/ads-service/domain/chat/service.go:20.12,24.2 1 8
car-sell-buy-system/internal/ads-service/domain/chat/service.go:26.82,28.16 2 2
car-sell-buy-system/internal/ads-service/domain/chat/service.go:28.16,30.3 1 1
car-sell-buy-system/internal/ads-service/domain/chat/service.go:32.2,32.18 1 1
car-sell-buy-system/internal/ads-service/domain/chat/service.go:35.105,37.16 2 2
car-sell-buy-system/internal/ads-service/domain/chat/service.go:37.16,39.3 1 1
car-sell-buy-system/internal/ads-service/domain/chat/service.go:41.2,41.18 1 1
car-sell-buy-system/internal/ads-service/domain/chat/service.go:44.73,46.16 2 2
car-sell-buy-system/internal/ads-service/domain/chat/service.go:46.16,48.3 1 1
car-sell-buy-system/internal/ads-service/domain/chat/service.go:50.2,50.26 1 1
car-sell-buy-system/internal/ads-service/domain/chat/service.go:53.101,55.16 2 2
car-sell-buy-system/internal/ads-service/domain/chat/service.go:55.16,57.3 1 1
car-sell-buy-system/internal/ads-service/domain/chat/service.go:59.2,59.26 1 1
car-sell-buy-system/internal/ads-service/domain/ad/service.go:37.12,43.2 1 17
car-sell-buy-system/internal/ads-service/domain/ad/service.go:45.70,47.16 2 2
car-sell-buy-system/internal/ads-service/domain/ad/service.go:47.16,49.3 1 1
car-sell-buy-system/internal/ads-service/domain/ad/service.go:51.2,51.16 1 1
car-sell-buy-system/internal/ads-service/domain/ad/service.go:54.72,55.22 1 3
car-sell-buy-system/internal/ads-service/domain/ad/service.go:55.22,57.17 2 2
car-sell-buy-system/internal/ads-service/domain/ad/service.go:57.17,59.4 1 1
car-sell-buy-system/internal/ads-service/domain/ad/service.go:61.3,61.28 1 1
car-sell-buy-system/internal/ads-service/domain/ad/service.go:64.2,65.16 2 2
car-sell-buy-system/internal/ads-service/domain/ad/service.go:65.16,67.3 1 0
car-sell-buy-system/internal/ads-service/domain/ad/service.go:69.2,69.22 1 2
car-sell-buy-system/internal/ads-service/domain/ad/service.go:72.78,73.22 1 4
car-sell-buy-system/internal/ads-service/domain/ad/service.go:73.22,75.17 2 2
car-sell-buy-system/internal/ads-service/domain/ad/service.go:75.17,77.4 1 1
car-sell-buy-system/internal/ads-service/domain/ad/service.go:78.3,78.29 1 1
car-sell-buy-system/internal/ads-service/domain/ad/service.go:81.2,81.58 1 3
car-sell-buy-system/internal/ads-service/domain/ad/service.go:81.58,83.3 1 1
car-sell-buy-system/internal/ads-service/domain/ad/service.go:85.2,85.12 1 2
car-sell-buy-system/internal/ads-service/domain/ad/service.go:88.80,90.16 2 2
car-sell-buy-system/internal/ads-service/domain/ad/service.go:90.16,92.3 1 1
car-sell-buy-system/internal/ads-service/domain/ad/service.go:94.2,94.24 1 1
car-sell-buy-system/internal/ads-service/domain/ad/service.go:97.63,98.53 1 2
car-sell-buy-system/internal/ads-service/domain/ad/service.go:98.53,100.3 1 1
car-sell-buy-system/internal/ads-service/domain/ad/service.go:102.2,102.12 1 1
car-sell-buy-system/internal/ads-service/domain/ad/service.go:105.81,107.16 2 2
car-sell-buy-system/internal/ads-service/domain/ad/service.go:107.16,109.3 1 1
car-sell-buy-system/internal/ads-service/domain/ad/service.go:111.2,111.12 1 1
car-sell-buy-system/internal/ads-service/domain/ad/service.go:114.85,116.16 2 2
car-sell-buy-system/internal/ads-service/domain/ad/service.go:116.16,118.3 1 1
car-sell-buy-system/internal/ads-service/domain/ad/service.go:120.2,120.21 1 1
car-sell-buy-system/internal/ads-service/domain/payment/service.go:28.113,34.2 1 6
car-sell-buy-system/internal/ads-service/domain/payment/service.go:36.93,38.16 2 4
car-sell-buy-system/internal/ads-service/domain/payment/service.go:38.16,40.3 1 1
car-sell-buy-system/internal/ads-service/domain/payment/service.go:42.2,49.16 3 3
car-sell-buy-system/internal/ads-service/domain/payment/service.go:49.16,51.3 1 1
car-sell-buy-system/internal/ads-service/domain/payment/service.go:53.2,54.16 2 2
car-sell-buy-system/internal/ads-service/domain/payment/service.go:54.16,56.3 1 1
car-sell-buy-system/internal/ads-service/domain/payment/service.go:58.2,58.15 1 1
car-sell-buy-system/internal/ads-service/domain/payment/service.go:61.101,64.37 2 2
car-sell-buy-system/internal/ads-service/domain/payment/service.go:64.37,66.17 2 1
car-sell-buy-system/internal/ads-service/domain/payment/service.go:66.17,68.4 1 0
car-sell-buy-system/internal/ads-service/domain/payment/service.go:70.3,70.27 1 1
car-sell-buy-system/internal/ads-service/domain/payment/service.go:73.2,73.97 1 2
car-sell-buy-system/internal/ads-service/domain/payment/service.go:73.97,75.3 1 1
car-sell-buy-system/internal/ads-service/domain/payment/service.go:77.2,77.20 1 1
